# JRE version: OpenJDK Runtime Environment (21.0.6) (build 21.0.6+-13355223-b631.42)
# Java VM: OpenJDK 64-Bit Server VM (21.0.6+-13355223-b631.42, mixed mode, tiered, compressed oops, compressed class ptrs, g1 gc, windows-amd64)
GC Precious Log:
 CardTable entry size: 512
 Card Set container configuration: InlinePtr #cards 5 size 8 Array Of Cards #cards 12 size 40 Howl #buckets 4 coarsen threshold 1843 Howl Bitmap #cards 512 size 80 coarsen threshold 460 Card regions per heap region 1 cards per card region 2048
 CPUs: 12 total, 12 available
 Memory: 7860M
 Large Page Support: Disabled
 NUMA Support: Disabled
 Compressed Oops: Enabled (32-bit)
 Heap Region Size: 1M
 Heap Min Capacity: 8M
 Heap Initial Capacity: 124M
 Heap Max Capacity: 2G
 Pre-touch: Disabled
 Parallel Workers: 10
 Concurrent Workers: 3
 Concurrent Refinement Workers: 10
 Periodic GC: Disabled
Heap:
 garbage-first heap   total 423936K, used 408664K [0x0000000080000000, 0x0000000100000000)
  region size 1024K, 117 young (119808K), 7 survivors (7168K)
 Metaspace       used 161032K, committed 162496K, reserved 1245184K
  class space    used 21239K, committed 21952K, reserved 1048576K
GC Heap History (20 events):
Event: 500.932 GC heap after
{Heap after GC invocations=63 (full 0):
 garbage-first heap   total 311296K, used 193536K [0x0000000080000000, 0x0000000100000000)
  region size 1024K, 13 young (13312K), 13 survivors (13312K)
 Metaspace       used 134850K, committed 137472K, reserved 1179648K
  class space    used 17873K, committed 19200K, reserved 1048576K
}
Event: 503.728 GC heap before
{Heap before GC invocations=63 (full 0):
 garbage-first heap   total 311296K, used 280576K [0x0000000080000000, 0x0000000100000000)
  region size 1024K, 99 young (101376K), 13 survivors (13312K)
 Metaspace       used 135037K, committed 137664K, reserved 1179648K
  class space    used 17874K, committed 19200K, reserved 1048576K
}
Event: 503.742 GC heap after
{Heap after GC invocations=64 (full 0):
 garbage-first heap   total 311296K, used 204151K [0x0000000080000000, 0x0000000100000000)
  region size 1024K, 11 young (11264K), 11 survivors (11264K)
 Metaspace       used 135037K, committed 137664K, reserved 1179648K
  class space    used 17874K, committed 19200K, reserved 1048576K
}
Event: 504.536 GC heap before
{Heap before GC invocations=65 (full 0):
 garbage-first heap   total 342016K, used 340343K [0x0000000080000000, 0x0000000100000000)
  region size 1024K, 63 young (64512K), 11 survivors (11264K)
 Metaspace       used 135192K, committed 137792K, reserved 1179648K
  class space    used 17888K, committed 19200K, reserved 1048576K
}
Event: 504.545 GC heap after
{Heap after GC invocations=66 (full 0):
 garbage-first heap   total 350208K, used 200892K [0x0000000080000000, 0x0000000100000000)
  region size 1024K, 2 young (2048K), 2 survivors (2048K)
 Metaspace       used 135192K, committed 137792K, reserved 1179648K
  class space    used 17888K, committed 19200K, reserved 1048576K
}
Event: 776.881 GC heap before
{Heap before GC invocations=66 (full 0):
 garbage-first heap   total 350208K, used 317628K [0x0000000080000000, 0x0000000100000000)
  region size 1024K, 117 young (119808K), 2 survivors (2048K)
 Metaspace       used 135420K, committed 138048K, reserved 1179648K
  class space    used 17892K, committed 19200K, reserved 1048576K
}
Event: 776.906 GC heap after
{Heap after GC invocations=67 (full 0):
 garbage-first heap   total 350208K, used 209072K [0x0000000080000000, 0x0000000100000000)
  region size 1024K, 12 young (12288K), 12 survivors (12288K)
 Metaspace       used 135420K, committed 138048K, reserved 1179648K
  class space    used 17892K, committed 19200K, reserved 1048576K
}
Event: 1603.014 GC heap before
{Heap before GC invocations=67 (full 0):
 garbage-first heap   total 350208K, used 317616K [0x0000000080000000, 0x0000000100000000)
  region size 1024K, 119 young (121856K), 12 survivors (12288K)
 Metaspace       used 135634K, committed 138176K, reserved 1179648K
  class space    used 17893K, committed 19200K, reserved 1048576K
}
Event: 1603.079 GC heap after
{Heap after GC invocations=68 (full 0):
 garbage-first heap   total 350208K, used 208839K [0x0000000080000000, 0x0000000100000000)
  region size 1024K, 10 young (10240K), 10 survivors (10240K)
 Metaspace       used 135634K, committed 138176K, reserved 1179648K
  class space    used 17893K, committed 19200K, reserved 1048576K
}
Event: 4221.159 GC heap before
{Heap before GC invocations=69 (full 0):
 garbage-first heap   total 350208K, used 319431K [0x0000000080000000, 0x0000000100000000)
  region size 1024K, 119 young (121856K), 10 survivors (10240K)
 Metaspace       used 135768K, committed 138368K, reserved 1179648K
  class space    used 17896K, committed 19200K, reserved 1048576K
}
Event: 4221.228 GC heap after
{Heap after GC invocations=70 (full 0):
 garbage-first heap   total 350208K, used 202434K [0x0000000080000000, 0x0000000100000000)
  region size 1024K, 2 young (2048K), 2 survivors (2048K)
 Metaspace       used 135768K, committed 138368K, reserved 1179648K
  class space    used 17896K, committed 19200K, reserved 1048576K
}
Event: 5390.896 GC heap before
{Heap before GC invocations=70 (full 0):
 garbage-first heap   total 350208K, used 324290K [0x0000000080000000, 0x0000000100000000)
  region size 1024K, 122 young (124928K), 2 survivors (2048K)
 Metaspace       used 135999K, committed 138560K, reserved 1179648K
  class space    used 17904K, committed 19200K, reserved 1048576K
}
Event: 5390.985 GC heap after
{Heap after GC invocations=71 (full 0):
 garbage-first heap   total 352256K, used 197674K [0x0000000080000000, 0x0000000100000000)
  region size 1024K, 12 young (12288K), 12 survivors (12288K)
 Metaspace       used 135999K, committed 138560K, reserved 1179648K
  class space    used 17904K, committed 19200K, reserved 1048576K
}
Event: 5391.989 GC heap before
{Heap before GC invocations=71 (full 0):
 garbage-first heap   total 352256K, used 258090K [0x0000000080000000, 0x0000000100000000)
  region size 1024K, 73 young (74752K), 12 survivors (12288K)
 Metaspace       used 137943K, committed 140480K, reserved 1179648K
  class space    used 18169K, committed 19456K, reserved 1048576K
}
Event: 5392.010 GC heap after
{Heap after GC invocations=72 (full 0):
 garbage-first heap   total 352256K, used 210593K [0x0000000080000000, 0x0000000100000000)
  region size 1024K, 12 young (12288K), 12 survivors (12288K)
 Metaspace       used 137943K, committed 140480K, reserved 1179648K
  class space    used 18169K, committed 19456K, reserved 1048576K
}
Event: 5393.961 GC heap before
{Heap before GC invocations=73 (full 0):
 garbage-first heap   total 355328K, used 326305K [0x0000000080000000, 0x0000000100000000)
  region size 1024K, 120 young (122880K), 12 survivors (12288K)
 Metaspace       used 142635K, committed 144384K, reserved 1179648K
  class space    used 18393K, committed 19456K, reserved 1048576K
}
Event: 5393.985 GC heap after
{Heap after GC invocations=74 (full 0):
 garbage-first heap   total 361472K, used 236362K [0x0000000080000000, 0x0000000100000000)
  region size 1024K, 15 young (15360K), 15 survivors (15360K)
 Metaspace       used 142635K, committed 144384K, reserved 1179648K
  class space    used 18393K, committed 19456K, reserved 1048576K
}
Event: 5395.106 GC heap before
{Heap before GC invocations=74 (full 0):
 garbage-first heap   total 361472K, used 322378K [0x0000000080000000, 0x0000000100000000)
  region size 1024K, 100 young (102400K), 15 survivors (15360K)
 Metaspace       used 149639K, committed 151040K, reserved 1245184K
  class space    used 19439K, committed 20096K, reserved 1048576K
}
Event: 5395.128 GC heap after
{Heap after GC invocations=75 (full 0):
 garbage-first heap   total 361472K, used 212056K [0x0000000080000000, 0x0000000100000000)
  region size 1024K, 6 young (6144K), 6 survivors (6144K)
 Metaspace       used 149639K, committed 151040K, reserved 1245184K
  class space    used 19439K, committed 20096K, reserved 1048576K
}
Event: 5403.276 GC heap before
{Heap before GC invocations=75 (full 0):
 garbage-first heap   total 411648K, used 407640K [0x0000000080000000, 0x0000000100000000)
  region size 1024K, 116 young (118784K), 6 survivors (6144K)
 Metaspace       used 161032K, committed 162496K, reserved 1245184K
  class space    used 21239K, committed 21952K, reserved 1048576K
}

